2024/06/07 20:31:52 config ../../config/config_node.yaml: {Address:localhost Port:5002 RaftId:node_name2 RaftDir:data RaftBootstrap:false Life:100 Players:[node_name1 node_name2 node_name3 node_name4]}
2024/06/07 20:31:52 10.30.19.58
2024-06-07T20:31:52.136-0700 [INFO]  raft: initial configuration: index=0 servers=[]
2024-06-07T20:31:52.136-0700 [INFO]  raft: entering follower state: follower="Node at 10.30.19.58:5002 [Follower]" leader-address= leader-id=
2024-06-07T20:31:54.078-0700 [WARN]  raft: no known peers, aborting election
2024-06-07T20:31:58.213-0700 [WARN]  raft: failed to get previous log: previous-index=5 last-index=0 error="log not found"
2024-06-07T20:32:18.972-0700 [DEBUG] raft: lost leadership because received a requestVote with a newer term
2024-06-07T20:32:21.015-0700 [DEBUG] raft: lost leadership because received a requestVote with a newer term
2024-06-07T20:32:23.063-0700 [DEBUG] raft: lost leadership because received a requestVote with a newer term
2024-06-07T20:32:25.132-0700 [DEBUG] raft: lost leadership because received a requestVote with a newer term
2024-06-07T20:32:27.142-0700 [DEBUG] raft: lost leadership because received a requestVote with a newer term
2024-06-07T20:32:29.180-0700 [DEBUG] raft: lost leadership because received a requestVote with a newer term
2024-06-07T20:32:31.224-0700 [DEBUG] raft: lost leadership because received a requestVote with a newer term
2024-06-07T20:32:33.254-0700 [DEBUG] raft: lost leadership because received a requestVote with a newer term
2024-06-07T20:32:35.303-0700 [DEBUG] raft: lost leadership because received a requestVote with a newer term
2024-06-07T20:32:37.341-0700 [DEBUG] raft: lost leadership because received a requestVote with a newer term
2024-06-07T20:32:39.385-0700 [DEBUG] raft: lost leadership because received a requestVote with a newer term
2024-06-07T20:32:41.415-0700 [DEBUG] raft: lost leadership because received a requestVote with a newer term
2024-06-07T20:32:43.476-0700 [DEBUG] raft: lost leadership because received a requestVote with a newer term
2024-06-07T20:32:45.512-0700 [DEBUG] raft: lost leadership because received a requestVote with a newer term
2024-06-07T20:32:47.565-0700 [DEBUG] raft: lost leadership because received a requestVote with a newer term
2024-06-07T20:32:49.593-0700 [DEBUG] raft: lost leadership because received a requestVote with a newer term
2024-06-07T20:32:51.639-0700 [DEBUG] raft: lost leadership because received a requestVote with a newer term
2024-06-07T20:32:53.676-0700 [DEBUG] raft: lost leadership because received a requestVote with a newer term
2024-06-07T20:32:55.726-0700 [DEBUG] raft: lost leadership because received a requestVote with a newer term
2024-06-07T20:32:57.743-0700 [DEBUG] raft: lost leadership because received a requestVote with a newer term
2024-06-07T20:32:59.800-0700 [DEBUG] raft: lost leadership because received a requestVote with a newer term
2024-06-07T20:33:01.823-0700 [DEBUG] raft: lost leadership because received a requestVote with a newer term
2024-06-07T20:33:03.873-0700 [DEBUG] raft: lost leadership because received a requestVote with a newer term
2024-06-07T20:33:05.900-0700 [DEBUG] raft: lost leadership because received a requestVote with a newer term
2024-06-07T20:33:07.954-0700 [DEBUG] raft: lost leadership because received a requestVote with a newer term
2024-06-07T20:33:09.983-0700 [DEBUG] raft: lost leadership because received a requestVote with a newer term
2024-06-07T20:33:12.026-0700 [DEBUG] raft: lost leadership because received a requestVote with a newer term
2024-06-07T20:33:14.061-0700 [DEBUG] raft: lost leadership because received a requestVote with a newer term
2024-06-07T20:33:16.103-0700 [DEBUG] raft: lost leadership because received a requestVote with a newer term
2024-06-07T20:33:18.128-0700 [DEBUG] raft: lost leadership because received a requestVote with a newer term
2024-06-07T20:33:20.186-0700 [DEBUG] raft: lost leadership because received a requestVote with a newer term
2024-06-07T20:33:22.214-0700 [DEBUG] raft: lost leadership because received a requestVote with a newer term
2024-06-07T20:33:24.255-0700 [DEBUG] raft: lost leadership because received a requestVote with a newer term
2024-06-07T20:33:26.277-0700 [DEBUG] raft: lost leadership because received a requestVote with a newer term
2024-06-07T20:33:28.333-0700 [DEBUG] raft: lost leadership because received a requestVote with a newer term
2024-06-07T20:33:30.358-0700 [DEBUG] raft: lost leadership because received a requestVote with a newer term
2024-06-07T20:33:32.413-0700 [DEBUG] raft: lost leadership because received a requestVote with a newer term
2024-06-07T20:33:34.438-0700 [DEBUG] raft: lost leadership because received a requestVote with a newer term
2024-06-07T20:33:36.483-0700 [DEBUG] raft: lost leadership because received a requestVote with a newer term
2024-06-07T20:33:38.512-0700 [DEBUG] raft: lost leadership because received a requestVote with a newer term
2024-06-07T20:33:40.563-0700 [DEBUG] raft: lost leadership because received a requestVote with a newer term
2024-06-07T20:33:42.588-0700 [DEBUG] raft: lost leadership because received a requestVote with a newer term
2024-06-07T20:33:44.640-0700 [DEBUG] raft: lost leadership because received a requestVote with a newer term
2024-06-07T20:33:46.672-0700 [DEBUG] raft: lost leadership because received a requestVote with a newer term
2024-06-07T20:33:48.726-0700 [DEBUG] raft: lost leadership because received a requestVote with a newer term
2024-06-07T20:33:50.756-0700 [DEBUG] raft: lost leadership because received a requestVote with a newer term
2024-06-07T20:33:52.804-0700 [DEBUG] raft: lost leadership because received a requestVote with a newer term
2024-06-07T20:33:54.830-0700 [DEBUG] raft: lost leadership because received a requestVote with a newer term
2024-06-07T20:33:56.883-0700 [DEBUG] raft: lost leadership because received a requestVote with a newer term
2024-06-07T20:33:58.918-0700 [DEBUG] raft: lost leadership because received a requestVote with a newer term
2024-06-07T20:34:00.969-0700 [DEBUG] raft: lost leadership because received a requestVote with a newer term
2024-06-07T20:34:02.999-0700 [DEBUG] raft: lost leadership because received a requestVote with a newer term
2024-06-07T20:34:05.045-0700 [DEBUG] raft: lost leadership because received a requestVote with a newer term
2024-06-07T20:34:07.070-0700 [DEBUG] raft: lost leadership because received a requestVote with a newer term
2024-06-07T20:34:09.127-0700 [DEBUG] raft: lost leadership because received a requestVote with a newer term
2024-06-07T20:34:11.150-0700 [DEBUG] raft: lost leadership because received a requestVote with a newer term
2024-06-07T20:34:13.212-0700 [DEBUG] raft: lost leadership because received a requestVote with a newer term
2024-06-07T20:34:15.221-0700 [DEBUG] raft: lost leadership because received a requestVote with a newer term
2024-06-07T20:34:17.265-0700 [DEBUG] raft: lost leadership because received a requestVote with a newer term
2024-06-07T20:34:19.297-0700 [DEBUG] raft: lost leadership because received a requestVote with a newer term
2024-06-07T20:34:21.348-0700 [DEBUG] raft: lost leadership because received a requestVote with a newer term
2024-06-07T20:34:23.371-0700 [DEBUG] raft: lost leadership because received a requestVote with a newer term
2024-06-07T20:34:25.434-0700 [DEBUG] raft: lost leadership because received a requestVote with a newer term
2024-06-07T20:34:27.451-0700 [DEBUG] raft: lost leadership because received a requestVote with a newer term
2024-06-07T20:34:29.499-0700 [DEBUG] raft: lost leadership because received a requestVote with a newer term
2024-06-07T20:34:31.540-0700 [DEBUG] raft: lost leadership because received a requestVote with a newer term
2024-06-07T20:34:33.575-0700 [DEBUG] raft: lost leadership because received a requestVote with a newer term
2024-06-07T20:34:35.605-0700 [DEBUG] raft: lost leadership because received a requestVote with a newer term
2024-06-07T20:34:37.663-0700 [DEBUG] raft: lost leadership because received a requestVote with a newer term
2024-06-07T20:34:39.686-0700 [DEBUG] raft: lost leadership because received a requestVote with a newer term
2024-06-07T20:34:41.731-0700 [DEBUG] raft: lost leadership because received a requestVote with a newer term
2024-06-07T20:34:43.764-0700 [DEBUG] raft: lost leadership because received a requestVote with a newer term
2024-06-07T20:34:45.812-0700 [DEBUG] raft: lost leadership because received a requestVote with a newer term
2024-06-07T20:34:47.840-0700 [DEBUG] raft: lost leadership because received a requestVote with a newer term
2024-06-07T20:34:49.882-0700 [DEBUG] raft: lost leadership because received a requestVote with a newer term
2024-06-07T20:34:51.915-0700 [DEBUG] raft: lost leadership because received a requestVote with a newer term
2024-06-07T20:34:53.965-0700 [DEBUG] raft: lost leadership because received a requestVote with a newer term
2024-06-07T20:34:55.997-0700 [DEBUG] raft: lost leadership because received a requestVote with a newer term
2024-06-07T20:34:58.053-0700 [DEBUG] raft: lost leadership because received a requestVote with a newer term
2024-06-07T20:35:00.091-0700 [DEBUG] raft: lost leadership because received a requestVote with a newer term
2024-06-07T20:35:02.140-0700 [DEBUG] raft: lost leadership because received a requestVote with a newer term
2024-06-07T20:35:04.173-0700 [DEBUG] raft: lost leadership because received a requestVote with a newer term
2024-06-07T20:35:06.237-0700 [DEBUG] raft: lost leadership because received a requestVote with a newer term
2024-06-07T20:35:08.263-0700 [DEBUG] raft: lost leadership because received a requestVote with a newer term
2024-06-07T20:35:10.311-0700 [DEBUG] raft: lost leadership because received a requestVote with a newer term
2024-06-07T20:35:12.338-0700 [DEBUG] raft: lost leadership because received a requestVote with a newer term
2024-06-07T20:35:14.393-0700 [DEBUG] raft: lost leadership because received a requestVote with a newer term
2024-06-07T20:35:16.443-0700 [DEBUG] raft: lost leadership because received a requestVote with a newer term
2024-06-07T20:35:18.469-0700 [DEBUG] raft: lost leadership because received a requestVote with a newer term
2024-06-07T20:35:20.484-0700 [DEBUG] raft: lost leadership because received a requestVote with a newer term
2024-06-07T20:35:22.535-0700 [DEBUG] raft: lost leadership because received a requestVote with a newer term
2024-06-07T20:35:24.565-0700 [DEBUG] raft: lost leadership because received a requestVote with a newer term
2024-06-07T20:35:26.617-0700 [DEBUG] raft: lost leadership because received a requestVote with a newer term
2024-06-07T20:35:28.668-0700 [DEBUG] raft: lost leadership because received a requestVote with a newer term
2024-06-07T20:35:30.704-0700 [DEBUG] raft: lost leadership because received a requestVote with a newer term
2024-06-07T20:35:32.732-0700 [DEBUG] raft: lost leadership because received a requestVote with a newer term
2024-06-07T20:35:34.769-0700 [DEBUG] raft: lost leadership because received a requestVote with a newer term
2024-06-07T20:35:36.796-0700 [DEBUG] raft: lost leadership because received a requestVote with a newer term
2024-06-07T20:35:38.852-0700 [DEBUG] raft: lost leadership because received a requestVote with a newer term
2024-06-07T20:35:40.876-0700 [DEBUG] raft: lost leadership because received a requestVote with a newer term
2024-06-07T20:35:42.924-0700 [DEBUG] raft: lost leadership because received a requestVote with a newer term
2024-06-07T20:35:44.955-0700 [DEBUG] raft: lost leadership because received a requestVote with a newer term
2024-06-07T20:35:46.998-0700 [DEBUG] raft: lost leadership because received a requestVote with a newer term
2024-06-07T20:35:49.020-0700 [DEBUG] raft: lost leadership because received a requestVote with a newer term
2024-06-07T20:35:51.066-0700 [DEBUG] raft: lost leadership because received a requestVote with a newer term
2024-06-07T20:35:53.091-0700 [DEBUG] raft: lost leadership because received a requestVote with a newer term
2024-06-07T20:35:55.164-0700 [DEBUG] raft: lost leadership because received a requestVote with a newer term
2024-06-07T20:35:57.176-0700 [DEBUG] raft: lost leadership because received a requestVote with a newer term
2024-06-07T20:35:59.234-0700 [DEBUG] raft: lost leadership because received a requestVote with a newer term
2024-06-07T20:36:01.258-0700 [DEBUG] raft: lost leadership because received a requestVote with a newer term
2024-06-07T20:36:03.310-0700 [DEBUG] raft: lost leadership because received a requestVote with a newer term
2024-06-07T20:36:05.365-0700 [DEBUG] raft: lost leadership because received a requestVote with a newer term
2024-06-07T20:36:07.422-0700 [DEBUG] raft: lost leadership because received a requestVote with a newer term
2024-06-07T20:36:09.448-0700 [DEBUG] raft: lost leadership because received a requestVote with a newer term
2024-06-07T20:36:11.498-0700 [DEBUG] raft: lost leadership because received a requestVote with a newer term
2024-06-07T20:36:13.532-0700 [DEBUG] raft: lost leadership because received a requestVote with a newer term
2024-06-07T20:36:15.585-0700 [DEBUG] raft: lost leadership because received a requestVote with a newer term
2024-06-07T20:36:17.609-0700 [DEBUG] raft: lost leadership because received a requestVote with a newer term
2024-06-07T20:36:19.657-0700 [DEBUG] raft: lost leadership because received a requestVote with a newer term
2024-06-07T20:36:21.665-0700 [DEBUG] raft: lost leadership because received a requestVote with a newer term
2024-06-07T20:36:23.707-0700 [DEBUG] raft: lost leadership because received a requestVote with a newer term
2024-06-07T20:36:25.742-0700 [DEBUG] raft: lost leadership because received a requestVote with a newer term
2024-06-07T20:36:27.800-0700 [DEBUG] raft: lost leadership because received a requestVote with a newer term
2024-06-07T20:36:29.826-0700 [DEBUG] raft: lost leadership because received a requestVote with a newer term
2024-06-07T20:36:31.871-0700 [DEBUG] raft: lost leadership because received a requestVote with a newer term
2024-06-07T20:36:33.905-0700 [DEBUG] raft: lost leadership because received a requestVote with a newer term
2024-06-07T20:36:35.951-0700 [DEBUG] raft: lost leadership because received a requestVote with a newer term
2024-06-07T20:36:37.980-0700 [DEBUG] raft: lost leadership because received a requestVote with a newer term
2024-06-07T20:36:40.037-0700 [DEBUG] raft: lost leadership because received a requestVote with a newer term
2024-06-07T20:36:42.069-0700 [DEBUG] raft: lost leadership because received a requestVote with a newer term
2024-06-07T20:36:44.111-0700 [DEBUG] raft: lost leadership because received a requestVote with a newer term
2024-06-07T20:36:46.135-0700 [DEBUG] raft: lost leadership because received a requestVote with a newer term
2024-06-07T20:36:48.186-0700 [DEBUG] raft: lost leadership because received a requestVote with a newer term
2024-06-07T20:36:50.209-0700 [DEBUG] raft: lost leadership because received a requestVote with a newer term
2024-06-07T20:36:52.268-0700 [DEBUG] raft: lost leadership because received a requestVote with a newer term
2024-06-07T20:36:54.291-0700 [DEBUG] raft: lost leadership because received a requestVote with a newer term
2024-06-07T20:36:56.345-0700 [DEBUG] raft: lost leadership because received a requestVote with a newer term
2024-06-07T20:36:58.365-0700 [DEBUG] raft: lost leadership because received a requestVote with a newer term
2024-06-07T20:37:00.420-0700 [DEBUG] raft: lost leadership because received a requestVote with a newer term
2024-06-07T20:37:02.431-0700 [DEBUG] raft: lost leadership because received a requestVote with a newer term
2024-06-07T20:37:04.487-0700 [DEBUG] raft: lost leadership because received a requestVote with a newer term
2024-06-07T20:37:06.514-0700 [DEBUG] raft: lost leadership because received a requestVote with a newer term
2024-06-07T20:37:08.571-0700 [DEBUG] raft: lost leadership because received a requestVote with a newer term
2024-06-07T20:37:10.595-0700 [DEBUG] raft: lost leadership because received a requestVote with a newer term
2024-06-07T20:37:12.650-0700 [DEBUG] raft: lost leadership because received a requestVote with a newer term
2024-06-07T20:37:14.681-0700 [DEBUG] raft: lost leadership because received a requestVote with a newer term
2024-06-07T20:37:16.737-0700 [DEBUG] raft: lost leadership because received a requestVote with a newer term
2024-06-07T20:37:18.763-0700 [DEBUG] raft: lost leadership because received a requestVote with a newer term
2024-06-07T20:37:20.820-0700 [DEBUG] raft: lost leadership because received a requestVote with a newer term
2024-06-07T20:37:22.846-0700 [DEBUG] raft: lost leadership because received a requestVote with a newer term
2024-06-07T20:37:24.906-0700 [DEBUG] raft: lost leadership because received a requestVote with a newer term
2024-06-07T20:37:26.928-0700 [DEBUG] raft: lost leadership because received a requestVote with a newer term
2024-06-07T20:37:28.979-0700 [DEBUG] raft: lost leadership because received a requestVote with a newer term
2024-06-07T20:37:31.005-0700 [DEBUG] raft: lost leadership because received a requestVote with a newer term
2024-06-07T20:37:33.062-0700 [DEBUG] raft: lost leadership because received a requestVote with a newer term
2024-06-07T20:37:35.087-0700 [DEBUG] raft: lost leadership because received a requestVote with a newer term
2024-06-07T20:37:37.136-0700 [DEBUG] raft: lost leadership because received a requestVote with a newer term
2024-06-07T20:37:39.180-0700 [DEBUG] raft: lost leadership because received a requestVote with a newer term
2024-06-07T20:37:41.196-0700 [DEBUG] raft: lost leadership because received a requestVote with a newer term
2024-06-07T20:37:43.216-0700 [DEBUG] raft: lost leadership because received a requestVote with a newer term
2024-06-07T20:37:45.265-0700 [DEBUG] raft: lost leadership because received a requestVote with a newer term
2024-06-07T20:37:47.290-0700 [DEBUG] raft: lost leadership because received a requestVote with a newer term
2024-06-07T20:37:49.338-0700 [DEBUG] raft: lost leadership because received a requestVote with a newer term
2024-06-07T20:37:51.375-0700 [DEBUG] raft: lost leadership because received a requestVote with a newer term
2024-06-07T20:37:53.422-0700 [DEBUG] raft: lost leadership because received a requestVote with a newer term
2024-06-07T20:37:55.441-0700 [DEBUG] raft: lost leadership because received a requestVote with a newer term
2024-06-07T20:37:57.493-0700 [DEBUG] raft: lost leadership because received a requestVote with a newer term
2024-06-07T20:37:59.518-0700 [DEBUG] raft: lost leadership because received a requestVote with a newer term
2024-06-07T20:38:01.576-0700 [DEBUG] raft: lost leadership because received a requestVote with a newer term
2024-06-07T20:38:03.600-0700 [DEBUG] raft: lost leadership because received a requestVote with a newer term
2024-06-07T20:38:05.646-0700 [DEBUG] raft: lost leadership because received a requestVote with a newer term
2024-06-07T20:38:07.676-0700 [DEBUG] raft: lost leadership because received a requestVote with a newer term
2024-06-07T20:38:09.724-0700 [DEBUG] raft: lost leadership because received a requestVote with a newer term
2024-06-07T20:38:11.752-0700 [DEBUG] raft: lost leadership because received a requestVote with a newer term
2024-06-07T20:38:13.800-0700 [DEBUG] raft: lost leadership because received a requestVote with a newer term
2024-06-07T20:38:15.825-0700 [DEBUG] raft: lost leadership because received a requestVote with a newer term
2024-06-07T20:38:17.880-0700 [DEBUG] raft: lost leadership because received a requestVote with a newer term
2024-06-07T20:38:19.905-0700 [DEBUG] raft: lost leadership because received a requestVote with a newer term
2024-06-07T20:38:21.963-0700 [DEBUG] raft: lost leadership because received a requestVote with a newer term
2024-06-07T20:38:23.987-0700 [DEBUG] raft: lost leadership because received a requestVote with a newer term
2024-06-07T20:38:26.047-0700 [DEBUG] raft: lost leadership because received a requestVote with a newer term
2024-06-07T20:38:28.074-0700 [DEBUG] raft: lost leadership because received a requestVote with a newer term
2024-06-07T20:38:30.125-0700 [DEBUG] raft: lost leadership because received a requestVote with a newer term
2024-06-07T20:38:32.153-0700 [DEBUG] raft: lost leadership because received a requestVote with a newer term
2024-06-07T20:38:34.205-0700 [DEBUG] raft: lost leadership because received a requestVote with a newer term
2024-06-07T20:38:36.234-0700 [DEBUG] raft: lost leadership because received a requestVote with a newer term
2024-06-07T20:38:38.289-0700 [DEBUG] raft: lost leadership because received a requestVote with a newer term
2024-06-07T20:38:40.317-0700 [DEBUG] raft: lost leadership because received a requestVote with a newer term
2024-06-07T20:38:42.370-0700 [DEBUG] raft: lost leadership because received a requestVote with a newer term
2024-06-07T20:38:44.406-0700 [DEBUG] raft: lost leadership because received a requestVote with a newer term
2024-06-07T20:38:46.469-0700 [DEBUG] raft: lost leadership because received a requestVote with a newer term
2024-06-07T20:38:48.492-0700 [DEBUG] raft: lost leadership because received a requestVote with a newer term
2024-06-07T20:38:50.542-0700 [DEBUG] raft: lost leadership because received a requestVote with a newer term
2024-06-07T20:38:52.577-0700 [DEBUG] raft: lost leadership because received a requestVote with a newer term
2024-06-07T20:38:54.624-0700 [DEBUG] raft: lost leadership because received a requestVote with a newer term
2024-06-07T20:38:56.657-0700 [DEBUG] raft: lost leadership because received a requestVote with a newer term
2024-06-07T20:38:58.710-0700 [DEBUG] raft: lost leadership because received a requestVote with a newer term
2024-06-07T20:39:00.740-0700 [DEBUG] raft: lost leadership because received a requestVote with a newer term
2024-06-07T20:39:02.788-0700 [DEBUG] raft: lost leadership because received a requestVote with a newer term
2024-06-07T20:39:04.816-0700 [DEBUG] raft: lost leadership because received a requestVote with a newer term
2024-06-07T20:39:06.863-0700 [DEBUG] raft: lost leadership because received a requestVote with a newer term
2024-06-07T20:39:08.893-0700 [DEBUG] raft: lost leadership because received a requestVote with a newer term
2024-06-07T20:39:10.940-0700 [DEBUG] raft: lost leadership because received a requestVote with a newer term
2024-06-07T20:39:12.983-0700 [DEBUG] raft: lost leadership because received a requestVote with a newer term
2024-06-07T20:39:15.027-0700 [DEBUG] raft: lost leadership because received a requestVote with a newer term
2024-06-07T20:39:17.056-0700 [DEBUG] raft: lost leadership because received a requestVote with a newer term
2024-06-07T20:39:19.110-0700 [DEBUG] raft: lost leadership because received a requestVote with a newer term
2024-06-07T20:39:21.141-0700 [DEBUG] raft: lost leadership because received a requestVote with a newer term
2024-06-07T20:39:23.202-0700 [DEBUG] raft: lost leadership because received a requestVote with a newer term
2024-06-07T20:39:25.218-0700 [DEBUG] raft: lost leadership because received a requestVote with a newer term
2024-06-07T20:39:27.263-0700 [DEBUG] raft: lost leadership because received a requestVote with a newer term
2024-06-07T20:39:29.297-0700 [DEBUG] raft: lost leadership because received a requestVote with a newer term
2024-06-07T20:39:31.358-0700 [DEBUG] raft: lost leadership because received a requestVote with a newer term
2024-06-07T20:39:33.384-0700 [DEBUG] raft: lost leadership because received a requestVote with a newer term
2024-06-07T20:39:35.426-0700 [DEBUG] raft: lost leadership because received a requestVote with a newer term
2024-06-07T20:39:37.457-0700 [DEBUG] raft: lost leadership because received a requestVote with a newer term
2024-06-07T20:39:39.509-0700 [DEBUG] raft: lost leadership because received a requestVote with a newer term
2024-06-07T20:39:41.530-0700 [DEBUG] raft: lost leadership because received a requestVote with a newer term
2024-06-07T20:39:43.583-0700 [DEBUG] raft: lost leadership because received a requestVote with a newer term
2024-06-07T20:39:45.611-0700 [DEBUG] raft: lost leadership because received a requestVote with a newer term
2024-06-07T20:39:47.662-0700 [DEBUG] raft: lost leadership because received a requestVote with a newer term
2024-06-07T20:39:49.693-0700 [DEBUG] raft: lost leadership because received a requestVote with a newer term
2024-06-07T20:39:51.745-0700 [DEBUG] raft: lost leadership because received a requestVote with a newer term
2024-06-07T20:39:53.772-0700 [DEBUG] raft: lost leadership because received a requestVote with a newer term
2024-06-07T20:39:55.823-0700 [DEBUG] raft: lost leadership because received a requestVote with a newer term
2024-06-07T20:39:57.850-0700 [DEBUG] raft: lost leadership because received a requestVote with a newer term
2024-06-07T20:39:59.901-0700 [DEBUG] raft: lost leadership because received a requestVote with a newer term
2024-06-07T20:40:01.941-0700 [DEBUG] raft: lost leadership because received a requestVote with a newer term
2024-06-07T20:40:03.992-0700 [DEBUG] raft: lost leadership because received a requestVote with a newer term
2024-06-07T20:40:06.017-0700 [DEBUG] raft: lost leadership because received a requestVote with a newer term
2024-06-07T20:40:08.063-0700 [DEBUG] raft: lost leadership because received a requestVote with a newer term
2024-06-07T20:40:10.092-0700 [DEBUG] raft: lost leadership because received a requestVote with a newer term
2024-06-07T20:40:12.160-0700 [DEBUG] raft: lost leadership because received a requestVote with a newer term
2024-06-07T20:40:14.167-0700 [DEBUG] raft: lost leadership because received a requestVote with a newer term
2024-06-07T20:40:16.220-0700 [DEBUG] raft: lost leadership because received a requestVote with a newer term
2024-06-07T20:40:18.251-0700 [DEBUG] raft: lost leadership because received a requestVote with a newer term
2024-06-07T20:40:20.296-0700 [DEBUG] raft: lost leadership because received a requestVote with a newer term
2024-06-07T20:40:22.324-0700 [DEBUG] raft: lost leadership because received a requestVote with a newer term
2024-06-07T20:40:24.378-0700 [DEBUG] raft: lost leadership because received a requestVote with a newer term
2024-06-07T20:40:26.390-0700 [DEBUG] raft: lost leadership because received a requestVote with a newer term
2024-06-07T20:40:28.453-0700 [DEBUG] raft: lost leadership because received a requestVote with a newer term
2024-06-07T20:40:30.472-0700 [DEBUG] raft: lost leadership because received a requestVote with a newer term
2024-06-07T20:40:32.544-0700 [DEBUG] raft: lost leadership because received a requestVote with a newer term
2024-06-07T20:40:34.553-0700 [DEBUG] raft: lost leadership because received a requestVote with a newer term
2024-06-07T20:40:36.609-0700 [DEBUG] raft: lost leadership because received a requestVote with a newer term
2024-06-07T20:40:38.630-0700 [DEBUG] raft: lost leadership because received a requestVote with a newer term
2024-06-07T20:40:40.689-0700 [DEBUG] raft: lost leadership because received a requestVote with a newer term
2024-06-07T20:40:42.717-0700 [DEBUG] raft: lost leadership because received a requestVote with a newer term
2024-06-07T20:40:44.767-0700 [DEBUG] raft: lost leadership because received a requestVote with a newer term
2024-06-07T20:40:46.790-0700 [DEBUG] raft: lost leadership because received a requestVote with a newer term
2024-06-07T20:40:48.845-0700 [DEBUG] raft: lost leadership because received a requestVote with a newer term
2024-06-07T20:40:50.879-0700 [DEBUG] raft: lost leadership because received a requestVote with a newer term
2024-06-07T20:40:52.928-0700 [DEBUG] raft: lost leadership because received a requestVote with a newer term
2024-06-07T20:40:54.951-0700 [DEBUG] raft: lost leadership because received a requestVote with a newer term
2024-06-07T20:40:57.002-0700 [DEBUG] raft: lost leadership because received a requestVote with a newer term
2024-06-07T20:40:59.026-0700 [DEBUG] raft: lost leadership because received a requestVote with a newer term
2024-06-07T20:41:01.073-0700 [DEBUG] raft: lost leadership because received a requestVote with a newer term
2024-06-07T20:41:03.101-0700 [DEBUG] raft: lost leadership because received a requestVote with a newer term
2024-06-07T20:41:05.161-0700 [DEBUG] raft: lost leadership because received a requestVote with a newer term
2024-06-07T20:41:07.162-0700 [DEBUG] raft: lost leadership because received a requestVote with a newer term
2024-06-07T20:41:09.212-0700 [DEBUG] raft: lost leadership because received a requestVote with a newer term
2024-06-07T20:41:11.240-0700 [DEBUG] raft: lost leadership because received a requestVote with a newer term
2024-06-07T20:41:13.301-0700 [DEBUG] raft: lost leadership because received a requestVote with a newer term
2024-06-07T20:41:15.320-0700 [DEBUG] raft: lost leadership because received a requestVote with a newer term
2024-06-07T20:41:17.368-0700 [DEBUG] raft: lost leadership because received a requestVote with a newer term
2024-06-07T20:41:19.401-0700 [DEBUG] raft: lost leadership because received a requestVote with a newer term
2024-06-07T20:41:21.437-0700 [DEBUG] raft: lost leadership because received a requestVote with a newer term
2024-06-07T20:41:23.460-0700 [DEBUG] raft: lost leadership because received a requestVote with a newer term
2024-06-07T20:41:25.502-0700 [DEBUG] raft: lost leadership because received a requestVote with a newer term
2024-06-07T20:41:27.542-0700 [DEBUG] raft: lost leadership because received a requestVote with a newer term
2024-06-07T20:41:29.606-0700 [DEBUG] raft: lost leadership because received a requestVote with a newer term
2024-06-07T20:41:31.633-0700 [DEBUG] raft: lost leadership because received a requestVote with a newer term
2024-06-07T20:41:33.682-0700 [DEBUG] raft: lost leadership because received a requestVote with a newer term
2024-06-07T20:41:35.711-0700 [DEBUG] raft: lost leadership because received a requestVote with a newer term
2024-06-07T20:41:37.763-0700 [DEBUG] raft: lost leadership because received a requestVote with a newer term
2024-06-07T20:41:39.787-0700 [DEBUG] raft: lost leadership because received a requestVote with a newer term
2024-06-07T20:41:41.838-0700 [DEBUG] raft: lost leadership because received a requestVote with a newer term
2024-06-07T20:41:43.870-0700 [DEBUG] raft: lost leadership because received a requestVote with a newer term
2024-06-07T20:41:45.922-0700 [DEBUG] raft: lost leadership because received a requestVote with a newer term
2024-06-07T20:41:47.946-0700 [DEBUG] raft: lost leadership because received a requestVote with a newer term
2024-06-07T20:41:49.992-0700 [DEBUG] raft: lost leadership because received a requestVote with a newer term
2024-06-07T20:41:52.024-0700 [DEBUG] raft: lost leadership because received a requestVote with a newer term
2024-06-07T20:41:54.073-0700 [DEBUG] raft: lost leadership because received a requestVote with a newer term
2024-06-07T20:41:56.103-0700 [DEBUG] raft: lost leadership because received a requestVote with a newer term
2024-06-07T20:41:58.165-0700 [DEBUG] raft: lost leadership because received a requestVote with a newer term
2024-06-07T20:42:00.175-0700 [DEBUG] raft: lost leadership because received a requestVote with a newer term
2024-06-07T20:42:02.231-0700 [DEBUG] raft: lost leadership because received a requestVote with a newer term
2024-06-07T20:42:04.250-0700 [DEBUG] raft: lost leadership because received a requestVote with a newer term
2024-06-07T20:42:06.307-0700 [DEBUG] raft: lost leadership because received a requestVote with a newer term
2024-06-07T20:42:08.332-0700 [DEBUG] raft: lost leadership because received a requestVote with a newer term
2024-06-07T20:42:10.373-0700 [DEBUG] raft: lost leadership because received a requestVote with a newer term
2024-06-07T20:42:12.387-0700 [DEBUG] raft: lost leadership because received a requestVote with a newer term
2024-06-07T20:42:14.439-0700 [DEBUG] raft: lost leadership because received a requestVote with a newer term
2024-06-07T20:42:16.465-0700 [DEBUG] raft: lost leadership because received a requestVote with a newer term
2024-06-07T20:42:18.497-0700 [DEBUG] raft: lost leadership because received a requestVote with a newer term
2024-06-07T20:42:20.523-0700 [DEBUG] raft: lost leadership because received a requestVote with a newer term
2024-06-07T20:42:22.579-0700 [DEBUG] raft: lost leadership because received a requestVote with a newer term
2024-06-07T20:42:24.594-0700 [DEBUG] raft: lost leadership because received a requestVote with a newer term
2024-06-07T20:42:26.644-0700 [DEBUG] raft: lost leadership because received a requestVote with a newer term
2024-06-07T20:42:28.676-0700 [DEBUG] raft: lost leadership because received a requestVote with a newer term
2024-06-07T20:42:30.728-0700 [DEBUG] raft: lost leadership because received a requestVote with a newer term
2024-06-07T20:42:32.787-0700 [DEBUG] raft: lost leadership because received a requestVote with a newer term
2024-06-07T20:42:34.828-0700 [DEBUG] raft: lost leadership because received a requestVote with a newer term
2024-06-07T20:42:36.870-0700 [DEBUG] raft: lost leadership because received a requestVote with a newer term
2024-06-07T20:42:38.920-0700 [DEBUG] raft: lost leadership because received a requestVote with a newer term
2024-06-07T20:42:40.946-0700 [DEBUG] raft: lost leadership because received a requestVote with a newer term
2024-06-07T20:42:42.977-0700 [DEBUG] raft: lost leadership because received a requestVote with a newer term
2024-06-07T20:42:45.001-0700 [DEBUG] raft: lost leadership because received a requestVote with a newer term
2024-06-07T20:42:47.046-0700 [DEBUG] raft: lost leadership because received a requestVote with a newer term
2024-06-07T20:42:49.058-0700 [DEBUG] raft: lost leadership because received a requestVote with a newer term
2024-06-07T20:42:51.128-0700 [DEBUG] raft: lost leadership because received a requestVote with a newer term
2024-06-07T20:42:53.131-0700 [DEBUG] raft: lost leadership because received a requestVote with a newer term
2024-06-07T20:42:55.180-0700 [DEBUG] raft: lost leadership because received a requestVote with a newer term
2024-06-07T20:42:57.207-0700 [DEBUG] raft: lost leadership because received a requestVote with a newer term
2024-06-07T20:42:59.254-0700 [DEBUG] raft: lost leadership because received a requestVote with a newer term
2024-06-07T20:43:01.296-0700 [DEBUG] raft: lost leadership because received a requestVote with a newer term
2024-06-07T20:43:03.347-0700 [DEBUG] raft: lost leadership because received a requestVote with a newer term
2024-06-07T20:43:05.364-0700 [DEBUG] raft: lost leadership because received a requestVote with a newer term
2024-06-07T20:43:07.412-0700 [DEBUG] raft: lost leadership because received a requestVote with a newer term
2024-06-07T20:43:09.415-0700 [DEBUG] raft: lost leadership because received a requestVote with a newer term
2024-06-07T20:43:11.460-0700 [DEBUG] raft: lost leadership because received a requestVote with a newer term
2024-06-07T20:43:13.492-0700 [DEBUG] raft: lost leadership because received a requestVote with a newer term
2024-06-07T20:43:15.553-0700 [DEBUG] raft: lost leadership because received a requestVote with a newer term
2024-06-07T20:43:17.574-0700 [DEBUG] raft: lost leadership because received a requestVote with a newer term
2024-06-07T20:43:19.621-0700 [DEBUG] raft: lost leadership because received a requestVote with a newer term
2024-06-07T20:43:21.652-0700 [DEBUG] raft: lost leadership because received a requestVote with a newer term
2024-06-07T20:43:23.709-0700 [DEBUG] raft: lost leadership because received a requestVote with a newer term
2024-06-07T20:43:25.738-0700 [DEBUG] raft: lost leadership because received a requestVote with a newer term
2024-06-07T20:43:27.786-0700 [DEBUG] raft: lost leadership because received a requestVote with a newer term
2024-06-07T20:43:29.811-0700 [DEBUG] raft: lost leadership because received a requestVote with a newer term
2024-06-07T20:43:31.872-0700 [DEBUG] raft: lost leadership because received a requestVote with a newer term
2024-06-07T20:43:33.896-0700 [DEBUG] raft: lost leadership because received a requestVote with a newer term
2024-06-07T20:43:35.945-0700 [DEBUG] raft: lost leadership because received a requestVote with a newer term
2024-06-07T20:43:37.971-0700 [DEBUG] raft: lost leadership because received a requestVote with a newer term
2024-06-07T20:43:40.024-0700 [DEBUG] raft: lost leadership because received a requestVote with a newer term
2024-06-07T20:43:42.047-0700 [DEBUG] raft: lost leadership because received a requestVote with a newer term
2024-06-07T20:43:44.095-0700 [DEBUG] raft: lost leadership because received a requestVote with a newer term
2024-06-07T20:43:46.123-0700 [DEBUG] raft: lost leadership because received a requestVote with a newer term
2024-06-07T20:43:48.169-0700 [DEBUG] raft: lost leadership because received a requestVote with a newer term
2024-06-07T20:43:50.198-0700 [DEBUG] raft: lost leadership because received a requestVote with a newer term
2024-06-07T20:43:52.296-0700 [DEBUG] raft: lost leadership because received a requestVote with a newer term
2024-06-07T20:43:54.346-0700 [DEBUG] raft: lost leadership because received a requestVote with a newer term
2024-06-07T20:43:56.385-0700 [DEBUG] raft: lost leadership because received a requestVote with a newer term
2024-06-07T20:43:58.415-0700 [DEBUG] raft: lost leadership because received a requestVote with a newer term
2024-06-07T20:44:00.481-0700 [DEBUG] raft: lost leadership because received a requestVote with a newer term
2024-06-07T20:44:02.495-0700 [DEBUG] raft: lost leadership because received a requestVote with a newer term
2024-06-07T20:44:04.536-0700 [DEBUG] raft: lost leadership because received a requestVote with a newer term
2024-06-07T20:44:06.560-0700 [DEBUG] raft: lost leadership because received a requestVote with a newer term
2024-06-07T20:44:08.608-0700 [DEBUG] raft: lost leadership because received a requestVote with a newer term
2024-06-07T20:44:10.619-0700 [DEBUG] raft: lost leadership because received a requestVote with a newer term
2024-06-07T20:44:12.675-0700 [DEBUG] raft: lost leadership because received a requestVote with a newer term
2024-06-07T20:44:14.703-0700 [DEBUG] raft: lost leadership because received a requestVote with a newer term
2024-06-07T20:44:16.762-0700 [DEBUG] raft: lost leadership because received a requestVote with a newer term
2024-06-07T20:44:18.781-0700 [DEBUG] raft: lost leadership because received a requestVote with a newer term
2024-06-07T20:44:20.830-0700 [DEBUG] raft: lost leadership because received a requestVote with a newer term
2024-06-07T20:44:22.868-0700 [DEBUG] raft: lost leadership because received a requestVote with a newer term
2024-06-07T20:44:24.938-0700 [DEBUG] raft: lost leadership because received a requestVote with a newer term
2024-06-07T20:44:26.951-0700 [DEBUG] raft: lost leadership because received a requestVote with a newer term
2024-06-07T20:44:28.992-0700 [DEBUG] raft: lost leadership because received a requestVote with a newer term
2024-06-07T20:44:31.008-0700 [DEBUG] raft: lost leadership because received a requestVote with a newer term
2024-06-07T20:44:33.063-0700 [DEBUG] raft: lost leadership because received a requestVote with a newer term
2024-06-07T20:44:35.091-0700 [DEBUG] raft: lost leadership because received a requestVote with a newer term
2024-06-07T20:44:37.144-0700 [DEBUG] raft: lost leadership because received a requestVote with a newer term
2024-06-07T20:44:39.161-0700 [DEBUG] raft: lost leadership because received a requestVote with a newer term
2024-06-07T20:44:41.217-0700 [DEBUG] raft: lost leadership because received a requestVote with a newer term
2024-06-07T20:44:43.237-0700 [DEBUG] raft: lost leadership because received a requestVote with a newer term
2024-06-07T20:44:45.289-0700 [DEBUG] raft: lost leadership because received a requestVote with a newer term
2024-06-07T20:44:47.318-0700 [DEBUG] raft: lost leadership because received a requestVote with a newer term
2024-06-07T20:44:49.370-0700 [DEBUG] raft: lost leadership because received a requestVote with a newer term
2024-06-07T20:44:51.390-0700 [DEBUG] raft: lost leadership because received a requestVote with a newer term
2024-06-07T20:44:53.445-0700 [DEBUG] raft: lost leadership because received a requestVote with a newer term
2024-06-07T20:44:55.480-0700 [DEBUG] raft: lost leadership because received a requestVote with a newer term
2024-06-07T20:44:57.527-0700 [DEBUG] raft: lost leadership because received a requestVote with a newer term
2024-06-07T20:44:59.551-0700 [DEBUG] raft: lost leadership because received a requestVote with a newer term
2024-06-07T20:45:01.607-0700 [DEBUG] raft: lost leadership because received a requestVote with a newer term
2024-06-07T20:45:03.633-0700 [DEBUG] raft: lost leadership because received a requestVote with a newer term
2024-06-07T20:45:05.681-0700 [DEBUG] raft: lost leadership because received a requestVote with a newer term
2024-06-07T20:45:07.707-0700 [DEBUG] raft: lost leadership because received a requestVote with a newer term
2024-06-07T20:45:09.753-0700 [DEBUG] raft: lost leadership because received a requestVote with a newer term
2024-06-07T20:45:11.782-0700 [DEBUG] raft: lost leadership because received a requestVote with a newer term
2024-06-07T20:45:13.837-0700 [DEBUG] raft: lost leadership because received a requestVote with a newer term
2024-06-07T20:45:15.866-0700 [DEBUG] raft: lost leadership because received a requestVote with a newer term
2024-06-07T20:45:17.915-0700 [DEBUG] raft: lost leadership because received a requestVote with a newer term
2024-06-07T20:45:19.939-0700 [DEBUG] raft: lost leadership because received a requestVote with a newer term
2024-06-07T20:45:21.983-0700 [DEBUG] raft: lost leadership because received a requestVote with a newer term
2024-06-07T20:45:24.003-0700 [DEBUG] raft: lost leadership because received a requestVote with a newer term
2024-06-07T20:45:26.053-0700 [DEBUG] raft: lost leadership because received a requestVote with a newer term
2024-06-07T20:45:28.081-0700 [DEBUG] raft: lost leadership because received a requestVote with a newer term
2024-06-07T20:45:30.130-0700 [DEBUG] raft: lost leadership because received a requestVote with a newer term
2024-06-07T20:45:32.167-0700 [DEBUG] raft: lost leadership because received a requestVote with a newer term
2024-06-07T20:45:34.231-0700 [DEBUG] raft: lost leadership because received a requestVote with a newer term
2024-06-07T20:45:36.246-0700 [DEBUG] raft: lost leadership because received a requestVote with a newer term
2024-06-07T20:45:38.294-0700 [DEBUG] raft: lost leadership because received a requestVote with a newer term
2024-06-07T20:45:40.310-0700 [DEBUG] raft: lost leadership because received a requestVote with a newer term
2024-06-07T20:45:42.366-0700 [DEBUG] raft: lost leadership because received a requestVote with a newer term
2024-06-07T20:45:44.383-0700 [DEBUG] raft: lost leadership because received a requestVote with a newer term
2024-06-07T20:45:46.434-0700 [DEBUG] raft: lost leadership because received a requestVote with a newer term
2024-06-07T20:45:48.473-0700 [DEBUG] raft: lost leadership because received a requestVote with a newer term
2024-06-07T20:45:50.524-0700 [DEBUG] raft: lost leadership because received a requestVote with a newer term
2024-06-07T20:45:52.550-0700 [DEBUG] raft: lost leadership because received a requestVote with a newer term
2024-06-07T20:45:54.596-0700 [DEBUG] raft: lost leadership because received a requestVote with a newer term
2024-06-07T20:45:56.632-0700 [DEBUG] raft: lost leadership because received a requestVote with a newer term
2024-06-07T20:45:58.683-0700 [DEBUG] raft: lost leadership because received a requestVote with a newer term
2024-06-07T20:46:00.713-0700 [DEBUG] raft: lost leadership because received a requestVote with a newer term
2024-06-07T20:46:02.765-0700 [DEBUG] raft: lost leadership because received a requestVote with a newer term
2024-06-07T20:46:04.801-0700 [DEBUG] raft: lost leadership because received a requestVote with a newer term
2024-06-07T20:46:06.848-0700 [DEBUG] raft: lost leadership because received a requestVote with a newer term
2024-06-07T20:46:08.875-0700 [DEBUG] raft: lost leadership because received a requestVote with a newer term
2024-06-07T20:46:10.912-0700 [DEBUG] raft: lost leadership because received a requestVote with a newer term
2024-06-07T20:46:12.935-0700 [DEBUG] raft: lost leadership because received a requestVote with a newer term
2024-06-07T20:46:14.976-0700 [DEBUG] raft: lost leadership because received a requestVote with a newer term
2024-06-07T20:46:17.002-0700 [DEBUG] raft: lost leadership because received a requestVote with a newer term
2024-06-07T20:46:19.055-0700 [DEBUG] raft: lost leadership because received a requestVote with a newer term
2024-06-07T20:46:21.074-0700 [DEBUG] raft: lost leadership because received a requestVote with a newer term
2024-06-07T20:46:23.125-0700 [DEBUG] raft: lost leadership because received a requestVote with a newer term
2024-06-07T20:46:25.154-0700 [DEBUG] raft: lost leadership because received a requestVote with a newer term
2024-06-07T20:46:27.194-0700 [DEBUG] raft: lost leadership because received a requestVote with a newer term
2024-06-07T20:46:29.226-0700 [DEBUG] raft: lost leadership because received a requestVote with a newer term
2024-06-07T20:46:31.286-0700 [DEBUG] raft: lost leadership because received a requestVote with a newer term
2024-06-07T20:46:33.319-0700 [DEBUG] raft: lost leadership because received a requestVote with a newer term
2024-06-07T20:46:35.360-0700 [DEBUG] raft: lost leadership because received a requestVote with a newer term
2024-06-07T20:46:37.389-0700 [DEBUG] raft: lost leadership because received a requestVote with a newer term
2024-06-07T20:46:39.418-0700 [DEBUG] raft: lost leadership because received a requestVote with a newer term
2024-06-07T20:46:41.447-0700 [DEBUG] raft: lost leadership because received a requestVote with a newer term
2024-06-07T20:46:43.496-0700 [DEBUG] raft: lost leadership because received a requestVote with a newer term
2024-06-07T20:46:45.529-0700 [DEBUG] raft: lost leadership because received a requestVote with a newer term
2024-06-07T20:46:47.578-0700 [DEBUG] raft: lost leadership because received a requestVote with a newer term
2024-06-07T20:46:49.595-0700 [DEBUG] raft: lost leadership because received a requestVote with a newer term
2024-06-07T20:46:51.643-0700 [DEBUG] raft: lost leadership because received a requestVote with a newer term
2024-06-07T20:46:53.673-0700 [DEBUG] raft: lost leadership because received a requestVote with a newer term
2024-06-07T20:46:55.734-0700 [DEBUG] raft: lost leadership because received a requestVote with a newer term
2024-06-07T20:46:57.746-0700 [DEBUG] raft: lost leadership because received a requestVote with a newer term
2024-06-07T20:46:59.805-0700 [DEBUG] raft: lost leadership because received a requestVote with a newer term
2024-06-07T20:47:01.827-0700 [DEBUG] raft: lost leadership because received a requestVote with a newer term
2024-06-07T20:47:03.887-0700 [DEBUG] raft: lost leadership because received a requestVote with a newer term
2024-06-07T20:47:05.911-0700 [DEBUG] raft: lost leadership because received a requestVote with a newer term
2024-06-07T20:47:07.952-0700 [DEBUG] raft: lost leadership because received a requestVote with a newer term
2024-06-07T20:47:09.986-0700 [DEBUG] raft: lost leadership because received a requestVote with a newer term
2024-06-07T20:47:12.044-0700 [DEBUG] raft: lost leadership because received a requestVote with a newer term
2024-06-07T20:47:14.109-0700 [DEBUG] raft: lost leadership because received a requestVote with a newer term
2024-06-07T20:47:16.108-0700 [DEBUG] raft: lost leadership because received a requestVote with a newer term
2024-06-07T20:47:18.133-0700 [DEBUG] raft: lost leadership because received a requestVote with a newer term
2024-06-07T20:47:20.184-0700 [DEBUG] raft: lost leadership because received a requestVote with a newer term
2024-06-07T20:47:22.217-0700 [DEBUG] raft: lost leadership because received a requestVote with a newer term
2024-06-07T20:47:24.285-0700 [DEBUG] raft: lost leadership because received a requestVote with a newer term
2024-06-07T20:47:26.303-0700 [DEBUG] raft: lost leadership because received a requestVote with a newer term
2024-06-07T20:47:28.356-0700 [DEBUG] raft: lost leadership because received a requestVote with a newer term
2024-06-07T20:47:30.383-0700 [DEBUG] raft: lost leadership because received a requestVote with a newer term
2024-06-07T20:47:32.435-0700 [DEBUG] raft: lost leadership because received a requestVote with a newer term
2024-06-07T20:47:34.477-0700 [DEBUG] raft: lost leadership because received a requestVote with a newer term
2024-06-07T20:47:36.517-0700 [DEBUG] raft: lost leadership because received a requestVote with a newer term
2024-06-07T20:47:38.547-0700 [DEBUG] raft: lost leadership because received a requestVote with a newer term
2024-06-07T20:47:40.589-0700 [DEBUG] raft: lost leadership because received a requestVote with a newer term
2024-06-07T20:47:42.601-0700 [DEBUG] raft: lost leadership because received a requestVote with a newer term
2024-06-07T20:47:44.648-0700 [DEBUG] raft: lost leadership because received a requestVote with a newer term
2024-06-07T20:47:46.677-0700 [DEBUG] raft: lost leadership because received a requestVote with a newer term
2024-06-07T20:47:48.731-0700 [DEBUG] raft: lost leadership because received a requestVote with a newer term
2024-06-07T20:47:50.750-0700 [DEBUG] raft: lost leadership because received a requestVote with a newer term
2024-06-07T20:47:52.792-0700 [DEBUG] raft: lost leadership because received a requestVote with a newer term
2024-06-07T20:47:54.816-0700 [DEBUG] raft: lost leadership because received a requestVote with a newer term
2024-06-07T20:47:56.853-0700 [DEBUG] raft: lost leadership because received a requestVote with a newer term
2024-06-07T20:47:58.880-0700 [DEBUG] raft: lost leadership because received a requestVote with a newer term
2024-06-07T20:48:00.928-0700 [DEBUG] raft: lost leadership because received a requestVote with a newer term
2024-06-07T20:48:02.958-0700 [DEBUG] raft: lost leadership because received a requestVote with a newer term
2024-06-07T20:48:05.005-0700 [DEBUG] raft: lost leadership because received a requestVote with a newer term
2024-06-07T20:48:07.038-0700 [DEBUG] raft: lost leadership because received a requestVote with a newer term
2024-06-07T20:48:09.092-0700 [DEBUG] raft: lost leadership because received a requestVote with a newer term
2024-06-07T20:48:11.122-0700 [DEBUG] raft: lost leadership because received a requestVote with a newer term
2024-06-07T20:48:13.178-0700 [DEBUG] raft: lost leadership because received a requestVote with a newer term
2024-06-07T20:48:15.200-0700 [DEBUG] raft: lost leadership because received a requestVote with a newer term
2024-06-07T20:48:17.252-0700 [DEBUG] raft: lost leadership because received a requestVote with a newer term
2024-06-07T20:48:19.279-0700 [DEBUG] raft: lost leadership because received a requestVote with a newer term
2024-06-07T20:48:21.334-0700 [DEBUG] raft: lost leadership because received a requestVote with a newer term
2024-06-07T20:48:23.362-0700 [DEBUG] raft: lost leadership because received a requestVote with a newer term
2024-06-07T20:48:25.398-0700 [DEBUG] raft: lost leadership because received a requestVote with a newer term
2024-06-07T20:48:27.428-0700 [DEBUG] raft: lost leadership because received a requestVote with a newer term
2024-06-07T20:48:29.480-0700 [DEBUG] raft: lost leadership because received a requestVote with a newer term
2024-06-07T20:48:31.503-0700 [DEBUG] raft: lost leadership because received a requestVote with a newer term
2024-06-07T20:48:33.559-0700 [DEBUG] raft: lost leadership because received a requestVote with a newer term
2024-06-07T20:48:35.582-0700 [DEBUG] raft: lost leadership because received a requestVote with a newer term
2024-06-07T20:48:37.638-0700 [DEBUG] raft: lost leadership because received a requestVote with a newer term
2024-06-07T20:48:39.658-0700 [DEBUG] raft: lost leadership because received a requestVote with a newer term
2024-06-07T20:48:41.681-0700 [DEBUG] raft: lost leadership because received a requestVote with a newer term
2024-06-07T20:48:43.702-0700 [DEBUG] raft: lost leadership because received a requestVote with a newer term
2024-06-07T20:48:45.737-0700 [DEBUG] raft: lost leadership because received a requestVote with a newer term
2024-06-07T20:48:47.771-0700 [DEBUG] raft: lost leadership because received a requestVote with a newer term
2024-06-07T20:48:49.824-0700 [DEBUG] raft: lost leadership because received a requestVote with a newer term
2024-06-07T20:48:51.853-0700 [DEBUG] raft: lost leadership because received a requestVote with a newer term
2024-06-07T20:48:53.904-0700 [DEBUG] raft: lost leadership because received a requestVote with a newer term
2024-06-07T20:48:55.933-0700 [DEBUG] raft: lost leadership because received a requestVote with a newer term
2024-06-07T20:48:57.985-0700 [DEBUG] raft: lost leadership because received a requestVote with a newer term
2024-06-07T20:49:00.008-0700 [DEBUG] raft: lost leadership because received a requestVote with a newer term
2024-06-07T20:49:02.061-0700 [DEBUG] raft: lost leadership because received a requestVote with a newer term
2024-06-07T20:49:04.074-0700 [DEBUG] raft: lost leadership because received a requestVote with a newer term
2024-06-07T20:49:06.117-0700 [DEBUG] raft: lost leadership because received a requestVote with a newer term
2024-06-07T20:49:08.140-0700 [DEBUG] raft: lost leadership because received a requestVote with a newer term
2024-06-07T20:49:10.198-0700 [DEBUG] raft: lost leadership because received a requestVote with a newer term
2024-06-07T20:49:12.210-0700 [DEBUG] raft: lost leadership because received a requestVote with a newer term
2024-06-07T20:49:14.257-0700 [DEBUG] raft: lost leadership because received a requestVote with a newer term
2024-06-07T20:49:16.293-0700 [DEBUG] raft: lost leadership because received a requestVote with a newer term
2024-06-07T20:49:18.345-0700 [DEBUG] raft: lost leadership because received a requestVote with a newer term
2024-06-07T20:49:20.376-0700 [DEBUG] raft: lost leadership because received a requestVote with a newer term
2024-06-07T20:49:22.419-0700 [DEBUG] raft: lost leadership because received a requestVote with a newer term
2024-06-07T20:49:24.447-0700 [DEBUG] raft: lost leadership because received a requestVote with a newer term
2024-06-07T20:49:26.506-0700 [DEBUG] raft: lost leadership because received a requestVote with a newer term
2024-06-07T20:49:28.524-0700 [DEBUG] raft: lost leadership because received a requestVote with a newer term
2024-06-07T20:49:30.579-0700 [DEBUG] raft: lost leadership because received a requestVote with a newer term
2024-06-07T20:49:32.608-0700 [DEBUG] raft: lost leadership because received a requestVote with a newer term
2024-06-07T20:49:34.661-0700 [DEBUG] raft: lost leadership because received a requestVote with a newer term
2024-06-07T20:49:36.695-0700 [DEBUG] raft: lost leadership because received a requestVote with a newer term
2024-06-07T20:49:38.737-0700 [DEBUG] raft: lost leadership because received a requestVote with a newer term
2024-06-07T20:49:40.763-0700 [DEBUG] raft: lost leadership because received a requestVote with a newer term
2024-06-07T20:49:42.814-0700 [DEBUG] raft: lost leadership because received a requestVote with a newer term
2024-06-07T20:49:44.845-0700 [DEBUG] raft: lost leadership because received a requestVote with a newer term
2024-06-07T20:49:46.896-0700 [DEBUG] raft: lost leadership because received a requestVote with a newer term
2024-06-07T20:49:48.919-0700 [DEBUG] raft: lost leadership because received a requestVote with a newer term
2024-06-07T20:49:50.966-0700 [DEBUG] raft: lost leadership because received a requestVote with a newer term
2024-06-07T20:49:52.983-0700 [DEBUG] raft: lost leadership because received a requestVote with a newer term
2024-06-07T20:49:55.012-0700 [DEBUG] raft: lost leadership because received a requestVote with a newer term
2024-06-07T20:49:57.039-0700 [DEBUG] raft: lost leadership because received a requestVote with a newer term
2024-06-07T20:49:59.090-0700 [DEBUG] raft: lost leadership because received a requestVote with a newer term
2024-06-07T20:50:01.128-0700 [DEBUG] raft: lost leadership because received a requestVote with a newer term
2024-06-07T20:50:03.172-0700 [DEBUG] raft: lost leadership because received a requestVote with a newer term
2024-06-07T20:50:05.198-0700 [DEBUG] raft: lost leadership because received a requestVote with a newer term
2024-06-07T20:50:07.251-0700 [DEBUG] raft: lost leadership because received a requestVote with a newer term
2024-06-07T20:50:09.275-0700 [DEBUG] raft: lost leadership because received a requestVote with a newer term
2024-06-07T20:50:11.336-0700 [DEBUG] raft: lost leadership because received a requestVote with a newer term
2024-06-07T20:50:13.363-0700 [DEBUG] raft: lost leadership because received a requestVote with a newer term
2024-06-07T20:50:15.417-0700 [DEBUG] raft: lost leadership because received a requestVote with a newer term
2024-06-07T20:50:17.441-0700 [DEBUG] raft: lost leadership because received a requestVote with a newer term
2024-06-07T20:50:19.494-0700 [DEBUG] raft: lost leadership because received a requestVote with a newer term
2024-06-07T20:50:21.519-0700 [DEBUG] raft: lost leadership because received a requestVote with a newer term
2024-06-07T20:50:23.583-0700 [DEBUG] raft: lost leadership because received a requestVote with a newer term
2024-06-07T20:50:25.610-0700 [DEBUG] raft: lost leadership because received a requestVote with a newer term
2024-06-07T20:50:27.654-0700 [DEBUG] raft: lost leadership because received a requestVote with a newer term
2024-06-07T20:50:29.685-0700 [DEBUG] raft: lost leadership because received a requestVote with a newer term
2024-06-07T20:50:31.752-0700 [DEBUG] raft: lost leadership because received a requestVote with a newer term
2024-06-07T20:50:33.767-0700 [DEBUG] raft: lost leadership because received a requestVote with a newer term
2024-06-07T20:50:35.825-0700 [DEBUG] raft: lost leadership because received a requestVote with a newer term
2024-06-07T20:50:37.849-0700 [DEBUG] raft: lost leadership because received a requestVote with a newer term
2024-06-07T20:50:39.911-0700 [DEBUG] raft: lost leadership because received a requestVote with a newer term
2024-06-07T20:50:41.933-0700 [DEBUG] raft: lost leadership because received a requestVote with a newer term
2024-06-07T20:50:43.990-0700 [DEBUG] raft: lost leadership because received a requestVote with a newer term
2024-06-07T20:50:46.013-0700 [DEBUG] raft: lost leadership because received a requestVote with a newer term
2024-06-07T20:50:48.070-0700 [DEBUG] raft: lost leadership because received a requestVote with a newer term
2024-06-07T20:50:50.101-0700 [DEBUG] raft: lost leadership because received a requestVote with a newer term
2024-06-07T20:50:52.150-0700 [DEBUG] raft: lost leadership because received a requestVote with a newer term
2024-06-07T20:50:54.178-0700 [DEBUG] raft: lost leadership because received a requestVote with a newer term
2024-06-07T20:50:56.233-0700 [DEBUG] raft: lost leadership because received a requestVote with a newer term
2024-06-07T20:50:58.261-0700 [DEBUG] raft: lost leadership because received a requestVote with a newer term
2024-06-07T20:51:00.304-0700 [DEBUG] raft: lost leadership because received a requestVote with a newer term
2024-06-07T20:51:02.337-0700 [DEBUG] raft: lost leadership because received a requestVote with a newer term
2024-06-07T20:51:04.394-0700 [DEBUG] raft: lost leadership because received a requestVote with a newer term
2024-06-07T20:51:06.434-0700 [DEBUG] raft: lost leadership because received a requestVote with a newer term
2024-06-07T20:51:08.484-0700 [DEBUG] raft: lost leadership because received a requestVote with a newer term
2024-06-07T20:51:10.513-0700 [DEBUG] raft: lost leadership because received a requestVote with a newer term
2024-06-07T20:51:12.574-0700 [DEBUG] raft: lost leadership because received a requestVote with a newer term
2024-06-07T20:51:14.616-0700 [DEBUG] raft: lost leadership because received a requestVote with a newer term
2024-06-07T20:51:16.658-0700 [DEBUG] raft: lost leadership because received a requestVote with a newer term
2024-06-07T20:51:18.682-0700 [DEBUG] raft: lost leadership because received a requestVote with a newer term
2024-06-07T20:51:20.735-0700 [DEBUG] raft: lost leadership because received a requestVote with a newer term
2024-06-07T20:51:22.760-0700 [DEBUG] raft: lost leadership because received a requestVote with a newer term
2024-06-07T20:51:24.814-0700 [DEBUG] raft: lost leadership because received a requestVote with a newer term
2024-06-07T20:51:26.847-0700 [DEBUG] raft: lost leadership because received a requestVote with a newer term
2024-06-07T20:51:28.899-0700 [DEBUG] raft: lost leadership because received a requestVote with a newer term
2024-06-07T20:51:30.925-0700 [DEBUG] raft: lost leadership because received a requestVote with a newer term
2024-06-07T20:51:32.982-0700 [DEBUG] raft: lost leadership because received a requestVote with a newer term
2024-06-07T20:51:35.007-0700 [DEBUG] raft: lost leadership because received a requestVote with a newer term
2024-06-07T20:51:37.064-0700 [DEBUG] raft: lost leadership because received a requestVote with a newer term
2024-06-07T20:51:39.096-0700 [DEBUG] raft: lost leadership because received a requestVote with a newer term
2024-06-07T20:51:41.142-0700 [DEBUG] raft: lost leadership because received a requestVote with a newer term
2024-06-07T20:51:43.170-0700 [DEBUG] raft: lost leadership because received a requestVote with a newer term
2024-06-07T20:51:45.219-0700 [DEBUG] raft: lost leadership because received a requestVote with a newer term
2024-06-07T20:51:47.251-0700 [DEBUG] raft: lost leadership because received a requestVote with a newer term
2024-06-07T20:51:49.303-0700 [DEBUG] raft: lost leadership because received a requestVote with a newer term
2024-06-07T20:51:51.321-0700 [DEBUG] raft: lost leadership because received a requestVote with a newer term
2024-06-07T20:51:53.366-0700 [DEBUG] raft: lost leadership because received a requestVote with a newer term
2024-06-07T20:51:55.393-0700 [DEBUG] raft: lost leadership because received a requestVote with a newer term
2024-06-07T20:51:57.445-0700 [DEBUG] raft: lost leadership because received a requestVote with a newer term
2024-06-07T20:51:59.480-0700 [DEBUG] raft: lost leadership because received a requestVote with a newer term
2024-06-07T20:52:01.536-0700 [DEBUG] raft: lost leadership because received a requestVote with a newer term
2024-06-07T20:52:03.555-0700 [DEBUG] raft: lost leadership because received a requestVote with a newer term
2024-06-07T20:52:05.599-0700 [DEBUG] raft: lost leadership because received a requestVote with a newer term
2024-06-07T20:52:07.628-0700 [DEBUG] raft: lost leadership because received a requestVote with a newer term
2024-06-07T20:52:09.683-0700 [DEBUG] raft: lost leadership because received a requestVote with a newer term
2024-06-07T20:52:11.704-0700 [DEBUG] raft: lost leadership because received a requestVote with a newer term
2024-06-07T20:52:13.756-0700 [DEBUG] raft: lost leadership because received a requestVote with a newer term
2024-06-07T20:52:15.781-0700 [DEBUG] raft: lost leadership because received a requestVote with a newer term
2024-06-07T20:52:17.832-0700 [DEBUG] raft: lost leadership because received a requestVote with a newer term
2024-06-07T20:52:19.864-0700 [DEBUG] raft: lost leadership because received a requestVote with a newer term
2024-06-07T20:52:21.916-0700 [DEBUG] raft: lost leadership because received a requestVote with a newer term
2024-06-07T20:52:23.942-0700 [DEBUG] raft: lost leadership because received a requestVote with a newer term
2024-06-07T20:52:25.980-0700 [DEBUG] raft: lost leadership because received a requestVote with a newer term
2024-06-07T20:52:28.007-0700 [DEBUG] raft: lost leadership because received a requestVote with a newer term
2024-06-07T20:52:30.059-0700 [DEBUG] raft: lost leadership because received a requestVote with a newer term
2024-06-07T20:52:32.078-0700 [DEBUG] raft: lost leadership because received a requestVote with a newer term
2024-06-07T20:52:34.129-0700 [DEBUG] raft: lost leadership because received a requestVote with a newer term
2024-06-07T20:52:36.153-0700 [DEBUG] raft: lost leadership because received a requestVote with a newer term
2024-06-07T20:52:38.209-0700 [DEBUG] raft: lost leadership because received a requestVote with a newer term
2024-06-07T20:52:40.238-0700 [DEBUG] raft: lost leadership because received a requestVote with a newer term
2024-06-07T20:52:42.291-0700 [DEBUG] raft: lost leadership because received a requestVote with a newer term
2024-06-07T20:52:44.308-0700 [DEBUG] raft: lost leadership because received a requestVote with a newer term
2024-06-07T20:52:46.358-0700 [DEBUG] raft: lost leadership because received a requestVote with a newer term
2024-06-07T20:52:48.381-0700 [DEBUG] raft: lost leadership because received a requestVote with a newer term
2024-06-07T20:52:50.420-0700 [DEBUG] raft: lost leadership because received a requestVote with a newer term
2024-06-07T20:52:52.451-0700 [DEBUG] raft: lost leadership because received a requestVote with a newer term
2024-06-07T20:52:54.510-0700 [DEBUG] raft: lost leadership because received a requestVote with a newer term
2024-06-07T20:52:56.513-0700 [DEBUG] raft: lost leadership because received a requestVote with a newer term
2024-06-07T20:52:58.569-0700 [DEBUG] raft: lost leadership because received a requestVote with a newer term
2024-06-07T20:53:00.592-0700 [DEBUG] raft: lost leadership because received a requestVote with a newer term
2024-06-07T20:53:02.649-0700 [DEBUG] raft: lost leadership because received a requestVote with a newer term
2024-06-07T20:53:04.676-0700 [DEBUG] raft: lost leadership because received a requestVote with a newer term
2024-06-07T20:53:06.739-0700 [DEBUG] raft: lost leadership because received a requestVote with a newer term
2024-06-07T20:53:08.762-0700 [DEBUG] raft: lost leadership because received a requestVote with a newer term
2024-06-07T20:53:10.815-0700 [DEBUG] raft: lost leadership because received a requestVote with a newer term
2024-06-07T20:53:12.843-0700 [DEBUG] raft: lost leadership because received a requestVote with a newer term
2024-06-07T20:53:14.891-0700 [DEBUG] raft: lost leadership because received a requestVote with a newer term
2024-06-07T20:53:16.912-0700 [DEBUG] raft: lost leadership because received a requestVote with a newer term
2024-06-07T20:53:18.971-0700 [DEBUG] raft: lost leadership because received a requestVote with a newer term
2024-06-07T20:53:20.993-0700 [DEBUG] raft: lost leadership because received a requestVote with a newer term
2024-06-07T20:53:23.044-0700 [DEBUG] raft: lost leadership because received a requestVote with a newer term
2024-06-07T20:53:25.072-0700 [DEBUG] raft: lost leadership because received a requestVote with a newer term
2024-06-07T20:53:27.126-0700 [DEBUG] raft: lost leadership because received a requestVote with a newer term
2024-06-07T20:53:29.151-0700 [DEBUG] raft: lost leadership because received a requestVote with a newer term
2024-06-07T20:53:31.191-0700 [DEBUG] raft: lost leadership because received a requestVote with a newer term
2024-06-07T20:53:33.222-0700 [DEBUG] raft: lost leadership because received a requestVote with a newer term
2024-06-07T20:53:35.274-0700 [DEBUG] raft: lost leadership because received a requestVote with a newer term
2024-06-07T20:53:37.301-0700 [DEBUG] raft: lost leadership because received a requestVote with a newer term
2024-06-07T20:53:39.351-0700 [DEBUG] raft: lost leadership because received a requestVote with a newer term
2024-06-07T20:53:41.377-0700 [DEBUG] raft: lost leadership because received a requestVote with a newer term
2024-06-07T20:53:43.422-0700 [DEBUG] raft: lost leadership because received a requestVote with a newer term
2024-06-07T20:53:45.452-0700 [DEBUG] raft: lost leadership because received a requestVote with a newer term
2024-06-07T20:53:47.493-0700 [DEBUG] raft: lost leadership because received a requestVote with a newer term
2024-06-07T20:53:49.529-0700 [DEBUG] raft: lost leadership because received a requestVote with a newer term
2024-06-07T20:53:51.587-0700 [DEBUG] raft: lost leadership because received a requestVote with a newer term
2024-06-07T20:53:53.619-0700 [DEBUG] raft: lost leadership because received a requestVote with a newer term
2024-06-07T20:53:55.671-0700 [DEBUG] raft: lost leadership because received a requestVote with a newer term
2024-06-07T20:53:57.696-0700 [DEBUG] raft: lost leadership because received a requestVote with a newer term
2024-06-07T20:53:59.753-0700 [DEBUG] raft: lost leadership because received a requestVote with a newer term
2024-06-07T20:54:01.779-0700 [DEBUG] raft: lost leadership because received a requestVote with a newer term
2024-06-07T20:54:03.829-0700 [DEBUG] raft: lost leadership because received a requestVote with a newer term
2024-06-07T20:54:05.857-0700 [DEBUG] raft: lost leadership because received a requestVote with a newer term
2024-06-07T20:54:07.901-0700 [DEBUG] raft: lost leadership because received a requestVote with a newer term
2024-06-07T20:54:09.929-0700 [DEBUG] raft: lost leadership because received a requestVote with a newer term
2024-06-07T20:54:11.993-0700 [DEBUG] raft: lost leadership because received a requestVote with a newer term
2024-06-07T20:54:14.022-0700 [DEBUG] raft: lost leadership because received a requestVote with a newer term
2024-06-07T20:54:16.071-0700 [DEBUG] raft: lost leadership because received a requestVote with a newer term
2024-06-07T20:54:18.100-0700 [DEBUG] raft: lost leadership because received a requestVote with a newer term
2024-06-07T20:54:20.145-0700 [DEBUG] raft: lost leadership because received a requestVote with a newer term
2024-06-07T20:54:22.178-0700 [DEBUG] raft: lost leadership because received a requestVote with a newer term
2024-06-07T20:54:24.229-0700 [DEBUG] raft: lost leadership because received a requestVote with a newer term
2024-06-07T20:54:26.256-0700 [DEBUG] raft: lost leadership because received a requestVote with a newer term
2024-06-07T20:54:28.304-0700 [DEBUG] raft: lost leadership because received a requestVote with a newer term
2024-06-07T20:54:30.335-0700 [DEBUG] raft: lost leadership because received a requestVote with a newer term
2024-06-07T20:54:32.383-0700 [DEBUG] raft: lost leadership because received a requestVote with a newer term
2024-06-07T20:54:34.425-0700 [DEBUG] raft: lost leadership because received a requestVote with a newer term
2024-06-07T20:54:36.472-0700 [DEBUG] raft: lost leadership because received a requestVote with a newer term
2024-06-07T20:54:38.500-0700 [DEBUG] raft: lost leadership because received a requestVote with a newer term
2024-06-07T20:54:40.556-0700 [DEBUG] raft: lost leadership because received a requestVote with a newer term
2024-06-07T20:54:42.588-0700 [DEBUG] raft: lost leadership because received a requestVote with a newer term
2024-06-07T20:54:44.635-0700 [DEBUG] raft: lost leadership because received a requestVote with a newer term
2024-06-07T20:54:46.659-0700 [DEBUG] raft: lost leadership because received a requestVote with a newer term
2024-06-07T20:54:48.726-0700 [DEBUG] raft: lost leadership because received a requestVote with a newer term
2024-06-07T20:54:50.755-0700 [DEBUG] raft: lost leadership because received a requestVote with a newer term
2024-06-07T20:54:52.805-0700 [DEBUG] raft: lost leadership because received a requestVote with a newer term
2024-06-07T20:54:54.839-0700 [DEBUG] raft: lost leadership because received a requestVote with a newer term
2024-06-07T20:54:56.891-0700 [DEBUG] raft: lost leadership because received a requestVote with a newer term
2024-06-07T20:54:58.914-0700 [DEBUG] raft: lost leadership because received a requestVote with a newer term
2024-06-07T20:55:00.961-0700 [DEBUG] raft: lost leadership because received a requestVote with a newer term
2024-06-07T20:55:02.996-0700 [DEBUG] raft: lost leadership because received a requestVote with a newer term
2024-06-07T20:55:05.042-0700 [DEBUG] raft: lost leadership because received a requestVote with a newer term
2024-06-07T20:55:07.068-0700 [DEBUG] raft: lost leadership because received a requestVote with a newer term
2024-06-07T20:55:09.110-0700 [DEBUG] raft: lost leadership because received a requestVote with a newer term
2024-06-07T20:55:11.138-0700 [DEBUG] raft: lost leadership because received a requestVote with a newer term
2024-06-07T20:55:13.194-0700 [DEBUG] raft: lost leadership because received a requestVote with a newer term
2024-06-07T20:55:15.225-0700 [DEBUG] raft: lost leadership because received a requestVote with a newer term
2024-06-07T20:55:17.272-0700 [DEBUG] raft: lost leadership because received a requestVote with a newer term
2024-06-07T20:55:19.295-0700 [DEBUG] raft: lost leadership because received a requestVote with a newer term
2024-06-07T20:55:21.346-0700 [DEBUG] raft: lost leadership because received a requestVote with a newer term
2024-06-07T20:55:23.375-0700 [DEBUG] raft: lost leadership because received a requestVote with a newer term
2024-06-07T20:55:25.423-0700 [DEBUG] raft: lost leadership because received a requestVote with a newer term
2024-06-07T20:55:27.454-0700 [DEBUG] raft: lost leadership because received a requestVote with a newer term
2024-06-07T20:55:29.506-0700 [DEBUG] raft: lost leadership because received a requestVote with a newer term
2024-06-07T20:55:31.531-0700 [DEBUG] raft: lost leadership because received a requestVote with a newer term
2024-06-07T20:55:33.581-0700 [DEBUG] raft: lost leadership because received a requestVote with a newer term
2024-06-07T20:55:35.614-0700 [DEBUG] raft: lost leadership because received a requestVote with a newer term
2024-06-07T20:55:37.656-0700 [DEBUG] raft: lost leadership because received a requestVote with a newer term
2024-06-07T20:55:39.683-0700 [DEBUG] raft: lost leadership because received a requestVote with a newer term
2024-06-07T20:55:41.736-0700 [DEBUG] raft: lost leadership because received a requestVote with a newer term
2024-06-07T20:55:43.751-0700 [DEBUG] raft: lost leadership because received a requestVote with a newer term
2024-06-07T20:55:45.802-0700 [DEBUG] raft: lost leadership because received a requestVote with a newer term
2024-06-07T20:55:47.833-0700 [DEBUG] raft: lost leadership because received a requestVote with a newer term
2024-06-07T20:55:49.894-0700 [DEBUG] raft: lost leadership because received a requestVote with a newer term
2024-06-07T20:55:51.917-0700 [DEBUG] raft: lost leadership because received a requestVote with a newer term
2024-06-07T20:55:53.971-0700 [DEBUG] raft: lost leadership because received a requestVote with a newer term
2024-06-07T20:55:55.996-0700 [DEBUG] raft: lost leadership because received a requestVote with a newer term
2024-06-07T20:55:58.046-0700 [DEBUG] raft: lost leadership because received a requestVote with a newer term
2024-06-07T20:56:00.076-0700 [DEBUG] raft: lost leadership because received a requestVote with a newer term
2024-06-07T20:56:02.123-0700 [DEBUG] raft: lost leadership because received a requestVote with a newer term
2024-06-07T20:56:04.142-0700 [DEBUG] raft: lost leadership because received a requestVote with a newer term
2024-06-07T20:56:06.190-0700 [DEBUG] raft: lost leadership because received a requestVote with a newer term
2024-06-07T20:56:08.210-0700 [DEBUG] raft: lost leadership because received a requestVote with a newer term
2024-06-07T20:56:10.239-0700 [DEBUG] raft: lost leadership because received a requestVote with a newer term
2024-06-07T20:56:12.271-0700 [DEBUG] raft: lost leadership because received a requestVote with a newer term
2024-06-07T20:56:14.313-0700 [DEBUG] raft: lost leadership because received a requestVote with a newer term
2024-06-07T20:56:16.350-0700 [DEBUG] raft: lost leadership because received a requestVote with a newer term
2024-06-07T20:56:18.420-0700 [DEBUG] raft: lost leadership because received a requestVote with a newer term
2024-06-07T20:56:20.445-0700 [DEBUG] raft: lost leadership because received a requestVote with a newer term
2024-06-07T20:56:22.493-0700 [DEBUG] raft: lost leadership because received a requestVote with a newer term
2024-06-07T20:56:24.519-0700 [DEBUG] raft: lost leadership because received a requestVote with a newer term
2024-06-07T20:56:26.568-0700 [DEBUG] raft: lost leadership because received a requestVote with a newer term
2024-06-07T20:56:28.588-0700 [DEBUG] raft: lost leadership because received a requestVote with a newer term
2024-06-07T20:56:30.650-0700 [DEBUG] raft: lost leadership because received a requestVote with a newer term
2024-06-07T20:56:32.674-0700 [DEBUG] raft: lost leadership because received a requestVote with a newer term
2024-06-07T20:56:34.720-0700 [DEBUG] raft: lost leadership because received a requestVote with a newer term
2024-06-07T20:56:36.747-0700 [DEBUG] raft: lost leadership because received a requestVote with a newer term
2024-06-07T20:56:38.800-0700 [DEBUG] raft: lost leadership because received a requestVote with a newer term
2024-06-07T20:56:40.822-0700 [DEBUG] raft: lost leadership because received a requestVote with a newer term
2024-06-07T20:56:42.882-0700 [DEBUG] raft: lost leadership because received a requestVote with a newer term
2024-06-07T20:56:44.904-0700 [DEBUG] raft: lost leadership because received a requestVote with a newer term
2024-06-07T20:56:46.960-0700 [DEBUG] raft: lost leadership because received a requestVote with a newer term
2024-06-07T20:56:48.981-0700 [DEBUG] raft: lost leadership because received a requestVote with a newer term
2024-06-07T20:56:51.032-0700 [DEBUG] raft: lost leadership because received a requestVote with a newer term
2024-06-07T20:56:53.057-0700 [DEBUG] raft: lost leadership because received a requestVote with a newer term
2024-06-07T20:56:55.100-0700 [DEBUG] raft: lost leadership because received a requestVote with a newer term
2024-06-07T20:56:57.128-0700 [DEBUG] raft: lost leadership because received a requestVote with a newer term
2024-06-07T20:56:59.178-0700 [DEBUG] raft: lost leadership because received a requestVote with a newer term
2024-06-07T20:57:01.214-0700 [DEBUG] raft: lost leadership because received a requestVote with a newer term
2024-06-07T20:57:03.266-0700 [DEBUG] raft: lost leadership because received a requestVote with a newer term
2024-06-07T20:57:05.288-0700 [DEBUG] raft: lost leadership because received a requestVote with a newer term
2024-06-07T20:57:07.341-0700 [DEBUG] raft: lost leadership because received a requestVote with a newer term
2024-06-07T20:57:09.402-0700 [DEBUG] raft: lost leadership because received a requestVote with a newer term
2024-06-07T20:57:11.463-0700 [DEBUG] raft: lost leadership because received a requestVote with a newer term
2024-06-07T20:57:13.497-0700 [DEBUG] raft: lost leadership because received a requestVote with a newer term
2024-06-07T20:57:15.560-0700 [DEBUG] raft: lost leadership because received a requestVote with a newer term
2024-06-07T20:57:17.609-0700 [DEBUG] raft: lost leadership because received a requestVote with a newer term
2024-06-07T20:57:19.657-0700 [DEBUG] raft: lost leadership because received a requestVote with a newer term
2024-06-07T20:57:21.682-0700 [DEBUG] raft: lost leadership because received a requestVote with a newer term
2024-06-07T20:57:23.730-0700 [DEBUG] raft: lost leadership because received a requestVote with a newer term
2024-06-07T20:57:25.760-0700 [DEBUG] raft: lost leadership because received a requestVote with a newer term
2024-06-07T20:57:27.807-0700 [DEBUG] raft: lost leadership because received a requestVote with a newer term
2024-06-07T20:57:29.837-0700 [DEBUG] raft: lost leadership because received a requestVote with a newer term
2024-06-07T20:57:31.918-0700 [DEBUG] raft: lost leadership because received a requestVote with a newer term
2024-06-07T20:57:33.939-0700 [DEBUG] raft: lost leadership because received a requestVote with a newer term
2024-06-07T20:57:35.986-0700 [DEBUG] raft: lost leadership because received a requestVote with a newer term
2024-06-07T20:57:38.004-0700 [DEBUG] raft: lost leadership because received a requestVote with a newer term
2024-06-07T20:57:40.055-0700 [DEBUG] raft: lost leadership because received a requestVote with a newer term
2024-06-07T20:57:42.079-0700 [DEBUG] raft: lost leadership because received a requestVote with a newer term
2024-06-07T20:57:44.130-0700 [DEBUG] raft: lost leadership because received a requestVote with a newer term
2024-06-07T20:57:46.164-0700 [DEBUG] raft: lost leadership because received a requestVote with a newer term
2024-06-07T20:57:48.205-0700 [DEBUG] raft: lost leadership because received a requestVote with a newer term
2024-06-07T20:57:50.233-0700 [DEBUG] raft: lost leadership because received a requestVote with a newer term
2024-06-07T20:57:52.265-0700 [DEBUG] raft: lost leadership because received a requestVote with a newer term
2024-06-07T20:57:54.287-0700 [DEBUG] raft: lost leadership because received a requestVote with a newer term
2024-06-07T20:57:56.336-0700 [DEBUG] raft: lost leadership because received a requestVote with a newer term
2024-06-07T20:57:58.367-0700 [DEBUG] raft: lost leadership because received a requestVote with a newer term
2024-06-07T20:58:00.406-0700 [DEBUG] raft: lost leadership because received a requestVote with a newer term
2024-06-07T20:58:02.429-0700 [DEBUG] raft: lost leadership because received a requestVote with a newer term
2024-06-07T20:58:04.479-0700 [DEBUG] raft: lost leadership because received a requestVote with a newer term
2024-06-07T20:58:06.513-0700 [DEBUG] raft: lost leadership because received a requestVote with a newer term
2024-06-07T20:58:08.561-0700 [DEBUG] raft: lost leadership because received a requestVote with a newer term
2024-06-07T20:58:10.586-0700 [DEBUG] raft: lost leadership because received a requestVote with a newer term
2024-06-07T20:58:12.669-0700 [DEBUG] raft: lost leadership because received a requestVote with a newer term
2024-06-07T20:58:14.675-0700 [DEBUG] raft: lost leadership because received a requestVote with a newer term
2024-06-07T20:58:16.733-0700 [DEBUG] raft: lost leadership because received a requestVote with a newer term
2024-06-07T20:58:18.758-0700 [DEBUG] raft: lost leadership because received a requestVote with a newer term
2024-06-07T20:58:20.810-0700 [DEBUG] raft: lost leadership because received a requestVote with a newer term
2024-06-07T20:58:22.841-0700 [DEBUG] raft: lost leadership because received a requestVote with a newer term
2024-06-07T20:58:24.892-0700 [DEBUG] raft: lost leadership because received a requestVote with a newer term
2024-06-07T20:58:26.912-0700 [DEBUG] raft: lost leadership because received a requestVote with a newer term
2024-06-07T20:58:28.967-0700 [DEBUG] raft: lost leadership because received a requestVote with a newer term
2024-06-07T20:58:31.000-0700 [DEBUG] raft: lost leadership because received a requestVote with a newer term
2024-06-07T20:58:33.040-0700 [DEBUG] raft: lost leadership because received a requestVote with a newer term
2024-06-07T20:58:35.070-0700 [DEBUG] raft: lost leadership because received a requestVote with a newer term
2024-06-07T20:58:37.121-0700 [DEBUG] raft: lost leadership because received a requestVote with a newer term
2024-06-07T20:58:39.147-0700 [DEBUG] raft: lost leadership because received a requestVote with a newer term
2024-06-07T20:58:41.202-0700 [DEBUG] raft: lost leadership because received a requestVote with a newer term
2024-06-07T20:58:43.227-0700 [DEBUG] raft: lost leadership because received a requestVote with a newer term
2024-06-07T20:58:45.276-0700 [DEBUG] raft: lost leadership because received a requestVote with a newer term
2024-06-07T20:58:47.286-0700 [DEBUG] raft: lost leadership because received a requestVote with a newer term
2024-06-07T20:58:49.327-0700 [DEBUG] raft: lost leadership because received a requestVote with a newer term
2024-06-07T20:58:51.354-0700 [DEBUG] raft: lost leadership because received a requestVote with a newer term
2024-06-07T20:58:53.404-0700 [DEBUG] raft: lost leadership because received a requestVote with a newer term
2024-06-07T20:58:55.435-0700 [DEBUG] raft: lost leadership because received a requestVote with a newer term
2024-06-07T20:58:57.489-0700 [DEBUG] raft: lost leadership because received a requestVote with a newer term
2024-06-07T20:58:59.509-0700 [DEBUG] raft: lost leadership because received a requestVote with a newer term
2024-06-07T20:59:01.568-0700 [DEBUG] raft: lost leadership because received a requestVote with a newer term
2024-06-07T20:59:03.591-0700 [DEBUG] raft: lost leadership because received a requestVote with a newer term
2024-06-07T20:59:05.635-0700 [DEBUG] raft: lost leadership because received a requestVote with a newer term
2024-06-07T20:59:07.664-0700 [DEBUG] raft: lost leadership because received a requestVote with a newer term
2024-06-07T20:59:09.718-0700 [DEBUG] raft: lost leadership because received a requestVote with a newer term
2024-06-07T20:59:11.741-0700 [DEBUG] raft: lost leadership because received a requestVote with a newer term
2024-06-07T20:59:13.798-0700 [DEBUG] raft: lost leadership because received a requestVote with a newer term
2024-06-07T20:59:15.833-0700 [DEBUG] raft: lost leadership because received a requestVote with a newer term
2024-06-07T20:59:17.882-0700 [DEBUG] raft: lost leadership because received a requestVote with a newer term
2024-06-07T20:59:19.910-0700 [DEBUG] raft: lost leadership because received a requestVote with a newer term
2024-06-07T20:59:21.961-0700 [DEBUG] raft: lost leadership because received a requestVote with a newer term
2024-06-07T20:59:23.985-0700 [DEBUG] raft: lost leadership because received a requestVote with a newer term
2024-06-07T20:59:26.029-0700 [DEBUG] raft: lost leadership because received a requestVote with a newer term
2024-06-07T20:59:28.057-0700 [DEBUG] raft: lost leadership because received a requestVote with a newer term
2024-06-07T20:59:30.116-0700 [DEBUG] raft: lost leadership because received a requestVote with a newer term
2024-06-07T20:59:32.140-0700 [DEBUG] raft: lost leadership because received a requestVote with a newer term
2024-06-07T20:59:34.185-0700 [DEBUG] raft: lost leadership because received a requestVote with a newer term
2024-06-07T20:59:36.213-0700 [DEBUG] raft: lost leadership because received a requestVote with a newer term
2024-06-07T20:59:38.266-0700 [DEBUG] raft: lost leadership because received a requestVote with a newer term
2024-06-07T20:59:40.290-0700 [DEBUG] raft: lost leadership because received a requestVote with a newer term
2024-06-07T20:59:42.351-0700 [DEBUG] raft: lost leadership because received a requestVote with a newer term
2024-06-07T20:59:44.366-0700 [DEBUG] raft: lost leadership because received a requestVote with a newer term
2024-06-07T20:59:46.415-0700 [DEBUG] raft: lost leadership because received a requestVote with a newer term
2024-06-07T20:59:48.443-0700 [DEBUG] raft: lost leadership because received a requestVote with a newer term
2024-06-07T20:59:50.488-0700 [DEBUG] raft: lost leadership because received a requestVote with a newer term
2024-06-07T20:59:52.572-0700 [DEBUG] raft: lost leadership because received a requestVote with a newer term
2024-06-07T20:59:54.566-0700 [DEBUG] raft: lost leadership because received a requestVote with a newer term
2024-06-07T20:59:56.609-0700 [DEBUG] raft: lost leadership because received a requestVote with a newer term
2024-06-07T20:59:58.644-0700 [DEBUG] raft: lost leadership because received a requestVote with a newer term
2024-06-07T21:00:00.675-0700 [DEBUG] raft: lost leadership because received a requestVote with a newer term
2024-06-07T21:00:02.730-0700 [DEBUG] raft: lost leadership because received a requestVote with a newer term
2024-06-07T21:00:04.755-0700 [DEBUG] raft: lost leadership because received a requestVote with a newer term
2024-06-07T21:00:06.809-0700 [DEBUG] raft: lost leadership because received a requestVote with a newer term
2024-06-07T21:00:08.832-0700 [DEBUG] raft: lost leadership because received a requestVote with a newer term
2024-06-07T21:00:10.882-0700 [DEBUG] raft: lost leadership because received a requestVote with a newer term
2024-06-07T21:00:12.901-0700 [DEBUG] raft: lost leadership because received a requestVote with a newer term
2024-06-07T21:00:14.965-0700 [DEBUG] raft: lost leadership because received a requestVote with a newer term
2024-06-07T21:00:16.977-0700 [DEBUG] raft: lost leadership because received a requestVote with a newer term
2024-06-07T21:00:19.029-0700 [DEBUG] raft: lost leadership because received a requestVote with a newer term
2024-06-07T21:00:21.056-0700 [DEBUG] raft: lost leadership because received a requestVote with a newer term
2024-06-07T21:00:23.106-0700 [DEBUG] raft: lost leadership because received a requestVote with a newer term
2024-06-07T21:00:25.135-0700 [DEBUG] raft: lost leadership because received a requestVote with a newer term
2024-06-07T21:00:27.187-0700 [DEBUG] raft: lost leadership because received a requestVote with a newer term
2024-06-07T21:00:29.214-0700 [DEBUG] raft: lost leadership because received a requestVote with a newer term
2024-06-07T21:00:31.246-0700 [DEBUG] raft: lost leadership because received a requestVote with a newer term
2024-06-07T21:00:33.269-0700 [DEBUG] raft: lost leadership because received a requestVote with a newer term
2024-06-07T21:00:35.311-0700 [DEBUG] raft: lost leadership because received a requestVote with a newer term
2024-06-07T21:00:37.345-0700 [DEBUG] raft: lost leadership because received a requestVote with a newer term
2024-06-07T21:00:39.400-0700 [DEBUG] raft: lost leadership because received a requestVote with a newer term
2024-06-07T21:00:41.421-0700 [DEBUG] raft: lost leadership because received a requestVote with a newer term
2024-06-07T21:00:43.482-0700 [DEBUG] raft: lost leadership because received a requestVote with a newer term
2024-06-07T21:00:45.508-0700 [DEBUG] raft: lost leadership because received a requestVote with a newer term
2024-06-07T21:00:47.567-0700 [DEBUG] raft: lost leadership because received a requestVote with a newer term
2024-06-07T21:00:49.588-0700 [DEBUG] raft: lost leadership because received a requestVote with a newer term
2024-06-07T21:00:51.642-0700 [DEBUG] raft: lost leadership because received a requestVote with a newer term
2024-06-07T21:00:53.667-0700 [DEBUG] raft: lost leadership because received a requestVote with a newer term
2024-06-07T21:00:55.719-0700 [DEBUG] raft: lost leadership because received a requestVote with a newer term
2024-06-07T21:00:57.745-0700 [DEBUG] raft: lost leadership because received a requestVote with a newer term
2024-06-07T21:00:59.796-0700 [DEBUG] raft: lost leadership because received a requestVote with a newer term
2024-06-07T21:01:01.836-0700 [DEBUG] raft: lost leadership because received a requestVote with a newer term
2024-06-07T21:01:03.874-0700 [DEBUG] raft: lost leadership because received a requestVote with a newer term
2024-06-07T21:01:05.893-0700 [DEBUG] raft: lost leadership because received a requestVote with a newer term
2024-06-07T21:01:07.935-0700 [DEBUG] raft: lost leadership because received a requestVote with a newer term
2024-06-07T21:01:09.955-0700 [DEBUG] raft: lost leadership because received a requestVote with a newer term
2024-06-07T21:01:12.007-0700 [DEBUG] raft: lost leadership because received a requestVote with a newer term
2024-06-07T21:01:14.038-0700 [DEBUG] raft: lost leadership because received a requestVote with a newer term
2024-06-07T21:01:16.094-0700 [DEBUG] raft: lost leadership because received a requestVote with a newer term
2024-06-07T21:01:18.114-0700 [DEBUG] raft: lost leadership because received a requestVote with a newer term
2024-06-07T21:01:20.173-0700 [DEBUG] raft: lost leadership because received a requestVote with a newer term
2024-06-07T21:01:22.178-0700 [DEBUG] raft: lost leadership because received a requestVote with a newer term
2024-06-07T21:01:24.240-0700 [DEBUG] raft: lost leadership because received a requestVote with a newer term
2024-06-07T21:01:26.251-0700 [DEBUG] raft: lost leadership because received a requestVote with a newer term
2024-06-07T21:01:28.303-0700 [DEBUG] raft: lost leadership because received a requestVote with a newer term
2024-06-07T21:01:30.314-0700 [DEBUG] raft: lost leadership because received a requestVote with a newer term
2024-06-07T21:01:32.384-0700 [DEBUG] raft: lost leadership because received a requestVote with a newer term
2024-06-07T21:01:34.413-0700 [DEBUG] raft: lost leadership because received a requestVote with a newer term
2024-06-07T21:01:36.468-0700 [DEBUG] raft: lost leadership because received a requestVote with a newer term
2024-06-07T21:01:38.493-0700 [DEBUG] raft: lost leadership because received a requestVote with a newer term
2024-06-07T21:01:40.526-0700 [DEBUG] raft: lost leadership because received a requestVote with a newer term
2024-06-07T21:01:42.557-0700 [DEBUG] raft: lost leadership because received a requestVote with a newer term
2024-06-07T21:01:44.601-0700 [DEBUG] raft: lost leadership because received a requestVote with a newer term
2024-06-07T21:01:46.635-0700 [DEBUG] raft: lost leadership because received a requestVote with a newer term
2024-06-07T21:01:48.689-0700 [DEBUG] raft: lost leadership because received a requestVote with a newer term
2024-06-07T21:01:50.714-0700 [DEBUG] raft: lost leadership because received a requestVote with a newer term
2024-06-07T21:01:52.768-0700 [DEBUG] raft: lost leadership because received a requestVote with a newer term
2024-06-07T21:01:54.790-0700 [DEBUG] raft: lost leadership because received a requestVote with a newer term
2024-06-07T21:01:56.830-0700 [DEBUG] raft: lost leadership because received a requestVote with a newer term
2024-06-07T21:01:58.862-0700 [DEBUG] raft: lost leadership because received a requestVote with a newer term
2024-06-07T21:02:00.917-0700 [DEBUG] raft: lost leadership because received a requestVote with a newer term
2024-06-07T21:02:02.945-0700 [DEBUG] raft: lost leadership because received a requestVote with a newer term
2024-06-07T21:02:05.020-0700 [DEBUG] raft: lost leadership because received a requestVote with a newer term
2024-06-07T21:02:07.014-0700 [DEBUG] raft: lost leadership because received a requestVote with a newer term
2024-06-07T21:02:09.078-0700 [DEBUG] raft: lost leadership because received a requestVote with a newer term
2024-06-07T21:02:11.095-0700 [DEBUG] raft: lost leadership because received a requestVote with a newer term
2024-06-07T21:02:13.147-0700 [DEBUG] raft: lost leadership because received a requestVote with a newer term
2024-06-07T21:02:15.176-0700 [DEBUG] raft: lost leadership because received a requestVote with a newer term
2024-06-07T21:02:17.230-0700 [DEBUG] raft: lost leadership because received a requestVote with a newer term
2024-06-07T21:02:19.265-0700 [DEBUG] raft: lost leadership because received a requestVote with a newer term
2024-06-07T21:02:21.312-0700 [DEBUG] raft: lost leadership because received a requestVote with a newer term
2024-06-07T21:02:23.349-0700 [DEBUG] raft: lost leadership because received a requestVote with a newer term
2024-06-07T21:02:25.395-0700 [DEBUG] raft: lost leadership because received a requestVote with a newer term
2024-06-07T21:02:27.429-0700 [DEBUG] raft: lost leadership because received a requestVote with a newer term
2024-06-07T21:02:29.473-0700 [DEBUG] raft: lost leadership because received a requestVote with a newer term
